mode: set
github.com/klemjul/diffai/internal/git/diff.go:25.62,28.2 2 1
github.com/klemjul/diffai/internal/git/diff.go:30.90,33.2 2 1
github.com/klemjul/diffai/internal/git/diff.go:35.74,38.2 2 1
github.com/klemjul/diffai/internal/git/diff.go:40.81,49.2 4 1
github.com/klemjul/diffai/internal/git/diff.go:51.68,56.25 3 1
github.com/klemjul/diffai/internal/git/diff.go:56.25,58.3 1 1
github.com/klemjul/diffai/internal/git/diff.go:60.2,60.30 1 1
github.com/klemjul/diffai/internal/git/diff.go:60.30,63.3 2 1
github.com/klemjul/diffai/internal/git/diff.go:65.2,65.13 1 1
github.com/klemjul/diffai/internal/git/exec_cmd.go:17.43,19.2 1 0
github.com/klemjul/diffai/internal/git/exec_cmd.go:21.43,23.2 1 0
github.com/klemjul/diffai/internal/git/exec_cmd.go:25.60,28.2 2 0
github.com/klemjul/diffai/internal/format/markdown.go:5.50,7.2 1 1
github.com/klemjul/diffai/main.go:11.30,12.16 1 0
github.com/klemjul/diffai/main.go:12.16,15.3 2 0
github.com/klemjul/diffai/main.go:18.13,23.2 4 0
github.com/klemjul/diffai/internal/app/constants.go:19.42,21.2 1 0
github.com/klemjul/diffai/internal/app/services.go:52.61,52.77 1 0
github.com/klemjul/diffai/internal/app/services.go:53.61,53.77 1 0
github.com/klemjul/diffai/internal/app/services.go:54.61,54.77 1 0
github.com/klemjul/diffai/internal/app/services.go:55.61,55.80 1 0
github.com/klemjul/diffai/internal/app/services.go:57.93,59.2 1 0
github.com/klemjul/diffai/internal/app/services.go:60.121,62.2 1 0
github.com/klemjul/diffai/internal/app/services.go:63.105,65.2 1 0
github.com/klemjul/diffai/internal/app/services.go:67.87,69.2 1 0
github.com/klemjul/diffai/internal/app/services.go:70.97,72.2 1 0
github.com/klemjul/diffai/internal/app/services.go:74.115,76.2 1 0
github.com/klemjul/diffai/internal/app/services.go:78.80,80.2 1 0
github.com/klemjul/diffai/internal/app/services.go:82.50,84.2 1 0
github.com/klemjul/diffai/internal/llm/client.go:52.91,53.18 1 1
github.com/klemjul/diffai/internal/llm/client.go:54.25,56.30 2 1
github.com/klemjul/diffai/internal/llm/client.go:56.30,58.4 1 1
github.com/klemjul/diffai/internal/llm/client.go:59.3,59.50 1 1
github.com/klemjul/diffai/internal/llm/client.go:60.25,62.38 2 1
github.com/klemjul/diffai/internal/llm/client.go:62.38,64.4 1 1
github.com/klemjul/diffai/internal/llm/client.go:65.3,66.17 2 1
github.com/klemjul/diffai/internal/llm/client.go:66.17,68.4 1 1
github.com/klemjul/diffai/internal/llm/client.go:69.3,69.58 1 1
github.com/klemjul/diffai/internal/llm/client.go:70.10,71.59 1 1
github.com/klemjul/diffai/internal/llm/client_ollama.go:21.69,26.2 1 1
github.com/klemjul/diffai/internal/llm/client_ollama.go:28.108,31.28 3 1
github.com/klemjul/diffai/internal/llm/client_ollama.go:31.28,32.21 1 1
github.com/klemjul/diffai/internal/llm/client_ollama.go:33.34,34.31 1 1
github.com/klemjul/diffai/internal/llm/client_ollama.go:35.35,38.5 1 1
github.com/klemjul/diffai/internal/llm/client_ollama.go:39.32,40.55 1 1
github.com/klemjul/diffai/internal/llm/client_ollama.go:43.2,43.8 1 1
github.com/klemjul/diffai/internal/llm/client_ollama.go:45.98,47.2 1 1
github.com/klemjul/diffai/internal/llm/client_ollama.go:49.96,52.12 3 1
github.com/klemjul/diffai/internal/llm/client_ollama.go:52.12,59.40 2 1
github.com/klemjul/diffai/internal/llm/client_ollama.go:59.40,61.17 2 1
github.com/klemjul/diffai/internal/llm/client_ollama.go:61.17,63.5 1 1
github.com/klemjul/diffai/internal/llm/client_ollama.go:64.4,64.14 1 1
github.com/klemjul/diffai/internal/llm/client_ollama.go:67.3,67.17 1 1
github.com/klemjul/diffai/internal/llm/client_ollama.go:67.17,72.4 1 1
github.com/klemjul/diffai/internal/llm/client_ollama.go:74.2,74.12 1 1
github.com/klemjul/diffai/internal/llm/client_ollama.go:77.79,79.31 2 1
github.com/klemjul/diffai/internal/llm/client_ollama.go:79.31,84.3 1 1
github.com/klemjul/diffai/internal/llm/client_ollama.go:85.2,85.23 1 1
github.com/klemjul/diffai/internal/llm/client_openai.go:32.47,34.2 1 1
github.com/klemjul/diffai/internal/llm/client_openai.go:36.72,38.2 1 1
github.com/klemjul/diffai/internal/llm/client_openai.go:40.49,42.2 1 0
github.com/klemjul/diffai/internal/llm/client_openai.go:44.47,46.2 1 1
github.com/klemjul/diffai/internal/llm/client_openai.go:52.155,54.2 1 0
github.com/klemjul/diffai/internal/llm/client_openai.go:56.149,58.2 1 1
github.com/klemjul/diffai/internal/llm/client_openai.go:60.94,67.2 1 1
github.com/klemjul/diffai/internal/llm/client_openai.go:69.106,71.31 2 1
github.com/klemjul/diffai/internal/llm/client_openai.go:71.31,72.19 1 1
github.com/klemjul/diffai/internal/llm/client_openai.go:73.13,74.76 1 1
github.com/klemjul/diffai/internal/llm/client_openai.go:75.18,76.81 1 1
github.com/klemjul/diffai/internal/llm/client_openai.go:77.15,78.78 1 1
github.com/klemjul/diffai/internal/llm/client_openai.go:79.11,80.76 1 0
github.com/klemjul/diffai/internal/llm/client_openai.go:83.2,83.23 1 1
github.com/klemjul/diffai/internal/llm/client_openai.go:86.108,96.16 2 1
github.com/klemjul/diffai/internal/llm/client_openai.go:96.16,98.3 1 1
github.com/klemjul/diffai/internal/llm/client_openai.go:100.2,106.8 1 1
github.com/klemjul/diffai/internal/llm/client_openai.go:109.98,112.12 2 1
github.com/klemjul/diffai/internal/llm/client_openai.go:112.12,127.23 4 1
github.com/klemjul/diffai/internal/llm/client_openai.go:127.23,129.70 2 1
github.com/klemjul/diffai/internal/llm/client_openai.go:129.70,139.5 2 1
github.com/klemjul/diffai/internal/llm/client_openai.go:142.3,143.17 2 1
github.com/klemjul/diffai/internal/llm/client_openai.go:143.17,149.4 2 1
github.com/klemjul/diffai/internal/llm/client_openai.go:151.3,158.4 1 1
github.com/klemjul/diffai/internal/llm/client_openai.go:162.2,162.12 1 1
github.com/klemjul/diffai/internal/llm/tokens.go:3.47,6.16 3 1
github.com/klemjul/diffai/internal/llm/tokens.go:6.16,8.3 1 1
github.com/klemjul/diffai/internal/llm/tokens.go:9.2,9.15 1 1
github.com/klemjul/diffai/cmd/root.go:20.84,31.55 1 1
github.com/klemjul/diffai/cmd/root.go:31.55,33.4 1 1
github.com/klemjul/diffai/cmd/root.go:37.2,71.40 9 1
github.com/klemjul/diffai/cmd/root.go:71.40,72.91 1 1
github.com/klemjul/diffai/cmd/root.go:72.91,74.4 1 0
github.com/klemjul/diffai/cmd/root.go:77.2,80.8 3 1
github.com/klemjul/diffai/cmd/root.go:83.56,85.67 2 1
github.com/klemjul/diffai/cmd/root.go:85.67,87.3 1 1
github.com/klemjul/diffai/cmd/root.go:89.2,90.17 2 1
github.com/klemjul/diffai/cmd/root.go:90.17,92.3 1 1
github.com/klemjul/diffai/cmd/root.go:93.2,94.18 2 1
github.com/klemjul/diffai/cmd/root.go:94.18,96.3 1 1
github.com/klemjul/diffai/cmd/root.go:98.2,98.12 1 1
github.com/klemjul/diffai/cmd/root.go:101.81,108.16 6 1
github.com/klemjul/diffai/cmd/root.go:108.16,111.19 3 1
github.com/klemjul/diffai/cmd/root.go:111.19,113.4 1 1
github.com/klemjul/diffai/cmd/root.go:116.2,117.16 2 1
github.com/klemjul/diffai/cmd/root.go:117.16,119.3 1 0
github.com/klemjul/diffai/cmd/root.go:121.2,122.16 2 1
github.com/klemjul/diffai/cmd/root.go:122.16,124.3 1 0
github.com/klemjul/diffai/cmd/root.go:125.2,125.53 1 1
github.com/klemjul/diffai/cmd/root.go:125.53,127.3 1 1
github.com/klemjul/diffai/cmd/root.go:129.2,131.16 3 1
github.com/klemjul/diffai/cmd/root.go:131.16,133.3 1 0
github.com/klemjul/diffai/cmd/root.go:135.2,143.19 2 1
github.com/klemjul/diffai/cmd/root.go:144.9,146.60 2 1
github.com/klemjul/diffai/cmd/root.go:147.9,149.57 2 1
github.com/klemjul/diffai/cmd/root.go:150.10,151.52 1 1
github.com/klemjul/diffai/cmd/root.go:154.2,154.16 1 1
github.com/klemjul/diffai/cmd/root.go:154.16,156.3 1 1
github.com/klemjul/diffai/cmd/root.go:158.2,160.63 2 1
github.com/klemjul/diffai/cmd/root.go:160.63,162.3 1 1
github.com/klemjul/diffai/cmd/root.go:164.2,164.42 1 1
github.com/klemjul/diffai/cmd/root.go:164.42,166.3 1 1
github.com/klemjul/diffai/cmd/root.go:167.2,171.16 2 1
github.com/klemjul/diffai/cmd/root.go:171.16,173.3 1 1
github.com/klemjul/diffai/cmd/root.go:175.2,188.18 2 1
github.com/klemjul/diffai/cmd/root.go:188.18,190.17 2 1
github.com/klemjul/diffai/cmd/root.go:190.17,192.4 1 1
github.com/klemjul/diffai/cmd/root.go:193.3,194.17 2 1
github.com/klemjul/diffai/cmd/root.go:194.17,196.4 1 1
github.com/klemjul/diffai/cmd/root.go:197.3,197.73 1 1
github.com/klemjul/diffai/cmd/root.go:197.73,199.4 1 0
github.com/klemjul/diffai/cmd/root.go:201.8,207.57 2 1
github.com/klemjul/diffai/cmd/root.go:207.57,209.4 1 0
github.com/klemjul/diffai/cmd/root.go:211.2,211.12 1 1
github.com/klemjul/diffai/cmd/root.go:214.97,215.46 1 1
github.com/klemjul/diffai/cmd/root.go:215.46,216.25 1 1
github.com/klemjul/diffai/cmd/root.go:216.25,219.18 2 1
github.com/klemjul/diffai/cmd/root.go:219.18,224.5 1 1
github.com/klemjul/diffai/cmd/root.go:226.4,229.5 1 1
github.com/klemjul/diffai/internal/ui/chat.go:49.58,62.2 4 1
github.com/klemjul/diffai/internal/ui/chat.go:64.38,70.2 1 0
github.com/klemjul/diffai/internal/ui/chat.go:72.70,74.27 1 1
github.com/klemjul/diffai/internal/ui/chat.go:75.25,78.21 3 1
github.com/klemjul/diffai/internal/ui/chat.go:80.20,81.41 1 1
github.com/klemjul/diffai/internal/ui/chat.go:81.41,82.22 1 1
github.com/klemjul/diffai/internal/ui/chat.go:83.32,84.27 1 1
github.com/klemjul/diffai/internal/ui/chat.go:85.34,86.29 1 1
github.com/klemjul/diffai/internal/ui/chat.go:90.19,93.21 3 1
github.com/klemjul/diffai/internal/ui/chat.go:95.18,96.19 1 1
github.com/klemjul/diffai/internal/ui/chat.go:97.33,98.18 1 1
github.com/klemjul/diffai/internal/ui/chat.go:99.21,100.47 1 1
github.com/klemjul/diffai/internal/ui/chat.go:100.47,111.5 6 1
github.com/klemjul/diffai/internal/ui/chat.go:115.2,117.15 2 1
github.com/klemjul/diffai/internal/ui/chat.go:117.15,119.3 1 1
github.com/klemjul/diffai/internal/ui/chat.go:119.8,121.3 1 1
github.com/klemjul/diffai/internal/ui/chat.go:123.2,123.15 1 1
github.com/klemjul/diffai/internal/ui/chat.go:126.41,128.33 2 1
github.com/klemjul/diffai/internal/ui/chat.go:128.33,129.17 1 1
github.com/klemjul/diffai/internal/ui/chat.go:129.17,130.12 1 1
github.com/klemjul/diffai/internal/ui/chat.go:132.3,132.19 1 1
github.com/klemjul/diffai/internal/ui/chat.go:133.22,135.66 2 1
github.com/klemjul/diffai/internal/ui/chat.go:136.17,137.77 1 1
github.com/klemjul/diffai/internal/ui/chat.go:141.2,143.25 3 1
github.com/klemjul/diffai/internal/ui/chat.go:146.37,149.15 2 1
github.com/klemjul/diffai/internal/ui/chat.go:149.15,151.3 1 1
github.com/klemjul/diffai/internal/ui/chat.go:153.2,158.3 1 1
